{
  "RSpec": {
    "coverage": {
      "/Users/Andromeda/Google-Drive/Kamilleski/NMF_Tool/app/helpers/application_helper.rb": [
        1,
        null
      ],
      "/Users/Andromeda/Google-Drive/Kamilleski/NMF_Tool/app/models/clinician.rb": [
        1,
        1,
        null,
        1,
        1,
        null
      ],
      "/Users/Andromeda/Google-Drive/Kamilleski/NMF_Tool/app/models/patient.rb": [
        1,
        null,
        1,
        null,
        1,
        1,
        1,
        null,
        null,
        1,
        null,
        null,
        1,
        null,
        null,
        1,
        null,
        null,
        null
      ],
      "/Users/Andromeda/Google-Drive/Kamilleski/NMF_Tool/app/models/visit.rb": [
        1,
        1,
        1,
        null,
        1,
        null,
        1,
        1,
        1,
        1,
        1,
        1,
        1,
        null
      ],
      "/Users/Andromeda/Google-Drive/Kamilleski/NMF_Tool/app/controllers/application_controller.rb": [
        0,
        0,
        0,
        0,
        0
      ],
      "/Users/Andromeda/Google-Drive/Kamilleski/NMF_Tool/app/controllers/clinicians_controller.rb": [
        0,
        0,
        0
      ],
      "/Users/Andromeda/Google-Drive/Kamilleski/NMF_Tool/app/controllers/patients_controller.rb": [
        0,
        0,
        0,
        0,
        0,
        0,
        0,
        0,
        0,
        0,
        0,
        0,
        0,
        0,
        0,
        0,
        0,
        0,
        0,
        0,
        0,
        0,
        0,
        0,
        0,
        0,
        0,
        0,
        0
      ],
      "/Users/Andromeda/Google-Drive/Kamilleski/NMF_Tool/app/controllers/visits_controller.rb": [
        0,
        0,
        0,
        0,
        0,
        0,
        0,
        0,
        0,
        0,
        0,
        0,
        0,
        0,
        0,
        0,
        0,
        0,
        0,
        0,
        0,
        0,
        0,
        0,
        0,
        0,
        0,
        0,
        0,
        0,
        0,
        0,
        0,
        0,
        0,
        0,
        0,
        0,
        0,
        0,
        0,
        0,
        0,
        0,
        0,
        0
      ],
      "/Users/Andromeda/Google-Drive/Kamilleski/NMF_Tool/app/models/seeded_symptom.rb": [
        0,
        0,
        0,
        0,
        0,
        0,
        0,
        0,
        0,
        0,
        0
      ],
      "/Users/Andromeda/Google-Drive/Kamilleski/NMF_Tool/app/models/symptom.rb": [

      ]
    },
    "timestamp": 1471908275
  }
}
